<?xml version="1.0" encoding="UTF-8"?>
<!-- Generated by org.testng.reporters.JUnitReportReporter -->
<testsuite hostname="LAPTOP-D6UA1CLG" failures="0" tests="2" name="Session04.Checkforvalidateresposne" time="2.272" errors="0" timestamp="2024-04-14T00:03:26 IST" skipped="1">
  <testcase classname="Session04.Checkforvalidateresposne" name="Getsingleuservalidatableresposne" time="2.272"/>
  <testcase classname="Session04.Checkforvalidateresposne" name="Getsingleuser">
    <skipped/>
  </testcase> <!-- Getsingleuser -->
</testsuite> <!-- Session04.Checkforvalidateresposne -->
