<?xml version="1.0" encoding="UTF-8"?>
<!-- Generated by org.testng.reporters.JUnitReportReporter -->
<testsuite hostname="LAPTOP-D6UA1CLG" failures="0" tests="1" name="Session03.Test_Delete" time="5.336" errors="0" timestamp="2024-04-13T11:11:08 IST" skipped="0">
  <testcase classname="Session03.Test_Delete" name="test05" time="5.336"/>
</testsuite> <!-- Session03.Test_Delete -->
