<?xml version="1.0" encoding="UTF-8"?>
<!-- Generated by org.testng.reporters.JUnitReportReporter -->
<testsuite hostname="LAPTOP-D6UA1CLG" failures="0" tests="1" name="Session05.Validate_Response_Header" time="4.251" errors="0" timestamp="2024-04-14T22:59:25 IST" skipped="0">
  <testcase classname="Session05.Validate_Response_Header" name="Getsinglesuer" time="4.251"/>
</testsuite> <!-- Session05.Validate_Response_Header -->
