<?xml version="1.0" encoding="UTF-8"?>
<!-- Generated by org.testng.reporters.JUnitReportReporter -->
<testsuite hostname="LAPTOP-D6UA1CLG" failures="0" tests="1" name="Session13.Create_User" time="0.626" errors="0" timestamp="2024-04-22T22:01:22 IST" skipped="0">
  <testcase classname="Session13.Create_User" name="reterivequery" time="0.626"/>
</testsuite> <!-- Session13.Create_User -->
