<?xml version="1.0" encoding="UTF-8"?>
<!-- Generated by org.testng.reporters.JUnitReportReporter -->
<testsuite hostname="LAPTOP-D6UA1CLG" failures="0" tests="1" name="Session15.Basics" time="6.054" errors="0" timestamp="2024-05-02T22:16:42 IST" skipped="0">
  <testcase classname="Session15.Basics" name="restfull" time="6.054"/>
</testsuite> <!-- Session15.Basics -->
