<?xml version="1.0" encoding="UTF-8"?>
<!-- Generated by org.testng.reporters.JUnitReportReporter -->
<testsuite hostname="LAPTOP-D6UA1CLG" failures="0" tests="1" name="Session03.Test02_Postmenthod" time="5.544" errors="0" timestamp="2024-08-09T20:13:03 IST" skipped="0">
  <testcase classname="Session03.Test02_Postmenthod" name="test02" time="5.544"/>
</testsuite> <!-- Session03.Test02_Postmenthod -->
