<?xml version="1.0" encoding="UTF-8"?>
<!-- Generated by org.testng.reporters.JUnitReportReporter -->
<testsuite hostname="LAPTOP-D6UA1CLG" failures="0" tests="1" name="Session07.Query_parameter_Demo" time="3.168" errors="0" timestamp="2024-04-17T21:44:21 IST" skipped="0">
  <testcase classname="Session07.Query_parameter_Demo" name="test01" time="3.168"/>
</testsuite> <!-- Session07.Query_parameter_Demo -->
