<?xml version="1.0" encoding="UTF-8"?>
<!-- Generated by org.testng.reporters.JUnitReportReporter -->
<testsuite hostname="LAPTOP-D6UA1CLG" failures="0" tests="1" name="Session04.Validatestatuscode_BDDstyle" time="2.308" errors="0" timestamp="2024-04-14T00:05:30 IST" skipped="0">
  <testcase classname="Session04.Validatestatuscode_BDDstyle" name="Getstatuscode_BDDstyle" time="2.308"/>
</testsuite> <!-- Session04.Validatestatuscode_BDDstyle -->
