<?xml version="1.0" encoding="UTF-8"?>
<!-- Generated by org.testng.reporters.JUnitReportReporter -->
<testsuite hostname="LAPTOP-D6UA1CLG" failures="0" tests="2" name="Session03.Test01_Getreq" time="3.159" errors="0" timestamp="2024-04-12T22:21:30 IST" skipped="0">
  <testcase classname="Session03.Test01_Getreq" name="testcase1" time="0.505"/>
  <testcase classname="Session03.Test01_Getreq" name="test02" time="2.654"/>
</testsuite> <!-- Session03.Test01_Getreq -->
