<?xml version="1.0" encoding="UTF-8"?>
<!-- Generated by org.testng.reporters.JUnitReportReporter -->
<testsuite hostname="LAPTOP-D6UA1CLG" failures="0" tests="1" name="Session2.First_getrequest" time="2.304" errors="0" timestamp="2024-04-10T21:27:25 IST" skipped="0">
  <testcase classname="Session2.First_getrequest" name="testcase1" time="2.304"/>
</testsuite> <!-- Session2.First_getrequest -->
