<?xml version="1.0" encoding="UTF-8"?>
<!-- Generated by org.testng.reporters.JUnitReportReporter -->
<testsuite hostname="LAPTOP-D6UA1CLG" failures="0" tests="1" name="Session12.Dserialization_Demo" time="5.773" errors="0" timestamp="2024-04-21T00:44:01 IST" skipped="0">
  <testcase classname="Session12.Dserialization_Demo" name="createuser" time="5.773"/>
</testsuite> <!-- Session12.Dserialization_Demo -->
