<?xml version="1.0" encoding="UTF-8"?>
<!-- Generated by org.testng.reporters.JUnitReportReporter -->
<testsuite hostname="LAPTOP-D6UA1CLG" failures="0" tests="1" name="Session03.Test_Putmethod" time="2.630" errors="0" timestamp="2024-04-13T10:56:00 IST" skipped="0">
  <testcase classname="Session03.Test_Putmethod" name="test04" time="2.630"/>
</testsuite> <!-- Session03.Test_Putmethod -->
