<?xml version="1.0" encoding="UTF-8"?>
<!-- Generated by org.testng.reporters.JUnitReportReporter -->
<testsuite hostname="LAPTOP-D6UA1CLG" failures="0" tests="1" name="Session09.Bearear_Token" time="3.833" errors="0" timestamp="2024-04-18T22:59:18 IST" skipped="0">
  <testcase classname="Session09.Bearear_Token" name="Beareartoken" time="3.833"/>
</testsuite> <!-- Session09.Bearear_Token -->
